Streaming transaction logs mentioning Fg6PaFpoGXkYsidMpWTK6W2BeZ7FEfcYkg476zPFsLnS. Confirmed commitment
Transaction executed in slot 3:
  Signature: 28xFbrBqoWp1FTEKQkpAYqrGFgBe6sP4UaAzfPxs1AF5r8Ru8mpTGMjsQyDF8u64Pzz5yYmkzu59FGmy5Hkxj5tC
  Status: Ok
  Log Messages:
    Program Fg6PaFpoGXkYsidMpWTK6W2BeZ7FEfcYkg476zPFsLnS invoke [1]
    Program log: Instruction: InitializeExpense
    Program 11111111111111111111111111111111 invoke [2]
    Program 11111111111111111111111111111111 success
    Program Fg6PaFpoGXkYsidMpWTK6W2BeZ7FEfcYkg476zPFsLnS consumed 18847 of 200000 compute units
    Program Fg6PaFpoGXkYsidMpWTK6W2BeZ7FEfcYkg476zPFsLnS success
Transaction executed in slot 3:
  Signature: 2JGtXKmp4TJqB25FUpzZgmpc3pHaaUA6GUdRGSGVN3tHf5gCzeKVQd3fJE9MG4Xy2RmcXYHSJLKZY7XcPnywJp1a
  Status: Ok
  Log Messages:
    Program Fg6PaFpoGXkYsidMpWTK6W2BeZ7FEfcYkg476zPFsLnS invoke [1]
    Program log: Instruction: ModifyExpense
    Program Fg6PaFpoGXkYsidMpWTK6W2BeZ7FEfcYkg476zPFsLnS consumed 6797 of 200000 compute units
    Program Fg6PaFpoGXkYsidMpWTK6W2BeZ7FEfcYkg476zPFsLnS success
Transaction executed in slot 4:
  Signature: 2JGtXKmp4TJqB25FUpzZgmpc3pHaaUA6GUdRGSGVN3tHf5gCzeKVQd3fJE9MG4Xy2RmcXYHSJLKZY7XcPnywJp1a
  Status: Ok
  Log Messages:
    Program Fg6PaFpoGXkYsidMpWTK6W2BeZ7FEfcYkg476zPFsLnS invoke [1]
    Program log: Instruction: ModifyExpense
    Program Fg6PaFpoGXkYsidMpWTK6W2BeZ7FEfcYkg476zPFsLnS consumed 6797 of 200000 compute units
    Program Fg6PaFpoGXkYsidMpWTK6W2BeZ7FEfcYkg476zPFsLnS success
